<?xml version="1.0" encoding="UTF-8"?>
<!-- Generated by org.testng.reporters.JUnitXMLReporter -->
<testsuite hostname="DESKTOP-ROCT2T7" ignored="0" name="VerifyContenttest" tests="3" failures="0" timestamp="2020-09-19T20:09:18 CDT" time="12.783" errors="0">
  <testcase name="openUrl" time="2.053" classname="com.VerifyContent.testcases.VerifyContent"/>
  <testcase name="checkContent" time="5.458" classname="com.VerifyContent.testcases.VerifyContent"/>
  <testcase name="checkInvalidContent" time="0.101" classname="com.VerifyContent.testcases.VerifyContent"/>
</testsuite> <!-- VerifyContenttest -->
