<?xml version="1.0" encoding="UTF-8"?>
<testsuite xmlns:xsi="http://www.w3.org/2001/XMLSchema-instance" xsi:noNamespaceSchemaLocation="https://maven.apache.org/surefire/maven-surefire-plugin/xsd/surefire-test-report-3.0.xsd" version="3.0" name="TestSuite" time="13.726" tests="3" errors="0" skipped="0" failures="0">
  <properties>
[...]
</properties>
  <testcase name="openUrl" classname="com.VerifyContent.testcases.VerifyContent" time="2.043">
    <system-out><![CDATA[Open Url http://www.cnn.com
]]></system-out>
    <system-err><![CDATA[Starting ChromeDriver 84.0.4147.30 (48b3e868b4cc0aa7e8149519690b6f6949e110a8-refs/branch-heads/4147@{#310}) on port 5564
Only local connections are allowed.
Please see https://chromedriver.chromium.org/security-considerations for suggestions on keeping ChromeDriver safe.
ChromeDriver was started successfully.
[1600564147.931][WARNING]: This version of ChromeDriver has not been tested with Chrome version 85.
Sep 19, 2020 8:09:10 PM org.openqa.selenium.remote.ProtocolHandshake createSession
INFO: Detected dialect: W3C
]]></system-err>
  </testcase>
  <testcase name="checkContent" classname="com.VerifyContent.testcases.VerifyContent" time="5.454">
    <system-out><![CDATA[Located element https://www.cnn.com/world
]]></system-out>
  </testcase>
  <testcase name="checkInvalidContent" classname="com.VerifyContent.testcases.VerifyContent" time="0.102">
    <system-out><![CDATA[Element not found: no such element: Unable to locate element: {"method":"xpath","selector":"//*[text()='Universe']"}
  (Session info: chrome=85.0.4183.102)
For documentation on this error, please visit: https://www.seleniumhq.org/exceptions/no_such_element.html
Build info: version: '3.141.59', revision: 'e82be7d358', time: '2018-11-14T08:17:03'
System info: host: 'DESKTOP-ROCT2T7', ip: '192.168.1.14', os.name: 'Windows 10', os.arch: 'amd64', os.version: '10.0', java.version: '1.8.0_241'
Driver info: org.openqa.selenium.chrome.ChromeDriver
Capabilities {acceptInsecureCerts: false, browserName: chrome, browserVersion: 85.0.4183.102, chrome: {chromedriverVersion: 84.0.4147.30 (48b3e868b4cc0..., userDataDir: C:\Users\pajama\AppData\Loc...}, goog:chromeOptions: {debuggerAddress: localhost:52630}, javascriptEnabled: true, networkConnectionEnabled: false, pageLoadStrategy: normal, platform: WINDOWS, platformName: WINDOWS, proxy: Proxy(), setWindowRect: true, strictFileInteractability: false, timeouts: {implicit: 0, pageLoad: 300000, script: 30000}, unhandledPromptBehavior: dismiss and notify, webauthn:virtualAuthenticators: true}
Session ID: 78fe3bc84ed71ab09306f0e3292b9cfd
*** Element info: {Using=xpath, value=//*[text()='Universe']}
]]></system-out>
  </testcase>
</testsuite>